INFO:sim:172 - Generating IP...
Resolving generics for 'compteur'...
Applying external generics to 'compteur'...
Delivering associated files for 'compteur'...
Generating implementation netlist for 'compteur'...
INFO:sim - Pre-processing HDL files for 'compteur'...
Running synthesis for 'compteur'
Running ngcbuild...
Writing VHO instantiation template for 'compteur'...
Writing VHDL behavioral simulation model for 'compteur'...
Delivered 3 files into directory
/home/fgaribal/Documents/2A/S8/VHDL/tp4/ipcore_dir/tmp/_cg/compteur
Delivered 1 file into directory
/home/fgaribal/Documents/2A/S8/VHDL/tp4/ipcore_dir/tmp/_cg/compteur
Generating ASY schematic symbol...
INFO:sim:949 - Finished generation of ASY schematic symbol.
Generating SYM schematic symbol for 'compteur'...
Generating metadata file...
Generating ISE project file for 'compteur'...
Generating ISE project...
XCO file found: compteur.xco
XMDF file found: compteur_xmdf.tcl
Adding /home/fgaribal/Documents/2A/S8/VHDL/tp4/ipcore_dir/tmp/_cg/compteur.asy
-view all -origin_type imported
Adding /home/fgaribal/Documents/2A/S8/VHDL/tp4/ipcore_dir/tmp/_cg/compteur.ngc
-view all -origin_type created
Checking file
"/home/fgaribal/Documents/2A/S8/VHDL/tp4/ipcore_dir/tmp/_cg/compteur.ngc" for
project device match ...
File "/home/fgaribal/Documents/2A/S8/VHDL/tp4/ipcore_dir/tmp/_cg/compteur.ngc"
device information matches project device.
Adding /home/fgaribal/Documents/2A/S8/VHDL/tp4/ipcore_dir/tmp/_cg/compteur.sym
-view all -origin_type imported
Adding /home/fgaribal/Documents/2A/S8/VHDL/tp4/ipcore_dir/tmp/_cg/compteur.vhd
-view all -origin_type created
INFO:HDLCompiler:1061 - Parsing VHDL file
   "/home/fgaribal/Documents/2A/S8/VHDL/tp4/ipcore_dir/tmp/_cg/compteur.vhd"
   into library work
INFO:ProjectMgmt - Parsing design hierarchy completed successfully.
Adding /home/fgaribal/Documents/2A/S8/VHDL/tp4/ipcore_dir/tmp/_cg/compteur.vho
-view all -origin_type imported
Adding
/home/fgaribal/Documents/2A/S8/VHDL/tp4/ipcore_dir/tmp/_cg/core_resources.txt
-view all -origin_type imported
Adding
/home/fgaribal/Documents/2A/S8/VHDL/tp4/ipcore_dir/tmp/_cg/gui_latency.txt -view
all -origin_type imported
INFO:TclTasksC:2116 - The automatic calculation of top has been turned-off.
   Please set the new top explicitly by running the "project set top" command.
   To re-calculate the new top automatically, set the "Auto Implementation Top"
   property to true.
Top level has been set to "/compteur"
Generating README file...
Generating FLIST file...
INFO:sim:948 - Finished FLIST file generation.
Launching README viewer...
Moving files to output directory...
Finished moving files to output directory
Wrote CGP file for project 'compteur'.
