@!@!@STARTMSG 2262:0 @!@!@
TLC2 Version 2.08 of 21 December 2015
@!@!@ENDMSG 2262 @!@!@
@!@!@STARTMSG 2187:0 @!@!@
Running in Model-Checking mode.
@!@!@ENDMSG 2187 @!@!@
@!@!@STARTMSG 2220:0 @!@!@
Starting SANY...
@!@!@ENDMSG 2220 @!@!@
Parsing file MC.tla
Parsing file allocateur1.tla
Parsing file /mnt/n7fs/tla/toolbox/plugins/org.lamport.tlatools_1.0.0.201512230951/tla2sany/StandardModules/TLC.tla
Parsing file /mnt/n7fs/tla/toolbox/plugins/org.lamport.tlatools_1.0.0.201512230951/tla2sany/StandardModules/Naturals.tla
Parsing file /mnt/n7fs/tla/toolbox/plugins/org.lamport.tlatools_1.0.0.201512230951/tla2sany/StandardModules/Sequences.tla
Semantic processing of module Naturals
Semantic processing of module allocateur1
Semantic processing of module Sequences
Semantic processing of module TLC
Semantic processing of module MC
@!@!@STARTMSG 2219:0 @!@!@
SANY finished.
@!@!@ENDMSG 2219 @!@!@
@!@!@STARTMSG 2185:0 @!@!@
Starting... (2017-03-15 11:54:43)
@!@!@ENDMSG 2185 @!@!@
@!@!@STARTMSG 2189:0 @!@!@
Computing initial states...
@!@!@ENDMSG 2189 @!@!@
@!@!@STARTMSG 2190:0 @!@!@
Finished computing initial states: 1 distinct state generated.
@!@!@ENDMSG 2190 @!@!@
@!@!@STARTMSG 2114:1 @!@!@
Deadlock reached.
@!@!@ENDMSG 2114 @!@!@
@!@!@STARTMSG 2121:1 @!@!@
The behavior up to this point is:
@!@!@ENDMSG 2121 @!@!@
@!@!@STARTMSG 2217:4 @!@!@
1: <Initial predicate>
/\ demande = (0 :> 0 @@ 1 :> 0 @@ 2 :> 0 @@ 3 :> 0)
/\ nbDispo = 6
/\ satisfait = (0 :> FALSE @@ 1 :> FALSE @@ 2 :> FALSE @@ 3 :> FALSE)

@!@!@ENDMSG 2217 @!@!@
@!@!@STARTMSG 2217:4 @!@!@
2: <Action line 57, col 15 to line 61, col 34 of module allocateur1>
/\ demande = (0 :> 0 @@ 1 :> 0 @@ 2 :> 0 @@ 3 :> 0)
/\ nbDispo = 6
/\ satisfait = (0 :> TRUE @@ 1 :> FALSE @@ 2 :> FALSE @@ 3 :> FALSE)

@!@!@ENDMSG 2217 @!@!@
@!@!@STARTMSG 2217:4 @!@!@
3: <Action line 57, col 15 to line 61, col 34 of module allocateur1>
/\ demande = (0 :> 0 @@ 1 :> 0 @@ 2 :> 0 @@ 3 :> 0)
/\ nbDispo = 6
/\ satisfait = (0 :> TRUE @@ 1 :> TRUE @@ 2 :> FALSE @@ 3 :> FALSE)

@!@!@ENDMSG 2217 @!@!@
@!@!@STARTMSG 2217:4 @!@!@
4: <Action line 57, col 15 to line 61, col 34 of module allocateur1>
/\ demande = (0 :> 0 @@ 1 :> 0 @@ 2 :> 0 @@ 3 :> 0)
/\ nbDispo = 6
/\ satisfait = (0 :> TRUE @@ 1 :> TRUE @@ 2 :> TRUE @@ 3 :> FALSE)

@!@!@ENDMSG 2217 @!@!@
@!@!@STARTMSG 2217:4 @!@!@
5: <Action line 57, col 15 to line 61, col 34 of module allocateur1>
/\ demande = (0 :> 0 @@ 1 :> 0 @@ 2 :> 0 @@ 3 :> 0)
/\ nbDispo = 6
/\ satisfait = (0 :> TRUE @@ 1 :> TRUE @@ 2 :> TRUE @@ 3 :> TRUE)

@!@!@ENDMSG 2217 @!@!@
@!@!@STARTMSG 2201:0 @!@!@
The coverage statistics at 2017-03-15 11:54:44
@!@!@ENDMSG 2201 @!@!@
@!@!@STARTMSG 2221:0 @!@!@
  line 53, col 21 to line 53, col 55 of module allocateur1: 21504
@!@!@ENDMSG 2221 @!@!@
@!@!@STARTMSG 2221:0 @!@!@
  line 54, col 31 to line 54, col 39 of module allocateur1: 21504
@!@!@ENDMSG 2221 @!@!@
@!@!@STARTMSG 2221:0 @!@!@
  line 55, col 31 to line 55, col 37 of module allocateur1: 21504
@!@!@ENDMSG 2221 @!@!@
@!@!@STARTMSG 2221:0 @!@!@
  line 59, col 18 to line 59, col 60 of module allocateur1: 58332
@!@!@ENDMSG 2221 @!@!@
@!@!@STARTMSG 2221:0 @!@!@
  line 60, col 18 to line 60, col 48 of module allocateur1: 58332
@!@!@ENDMSG 2221 @!@!@
@!@!@STARTMSG 2221:0 @!@!@
  line 61, col 28 to line 61, col 34 of module allocateur1: 58332
@!@!@ENDMSG 2221 @!@!@
@!@!@STARTMSG 2221:0 @!@!@
  line 65, col 20 to line 65, col 55 of module allocateur1: 984
@!@!@ENDMSG 2221 @!@!@
@!@!@STARTMSG 2221:0 @!@!@
  line 66, col 20 to line 66, col 62 of module allocateur1: 984
@!@!@ENDMSG 2221 @!@!@
@!@!@STARTMSG 2221:0 @!@!@
  line 67, col 20 to line 67, col 41 of module allocateur1: 984
@!@!@ENDMSG 2221 @!@!@
@!@!@STARTMSG 2202:0 @!@!@
End of statistics.
@!@!@ENDMSG 2202 @!@!@
@!@!@STARTMSG 2200:0 @!@!@
Progress(6) at 2017-03-15 11:54:44: 80821 states generated (4 694 346 s/min), 9879 distinct states found (573 804 ds/min), 6814 states left on queue.
@!@!@ENDMSG 2200 @!@!@
@!@!@STARTMSG 2199:0 @!@!@
80821 states generated, 9879 distinct states found, 6814 states left on queue.
@!@!@ENDMSG 2199 @!@!@
@!@!@STARTMSG 2194:0 @!@!@
The depth of the complete state graph search is 6.
@!@!@ENDMSG 2194 @!@!@
@!@!@STARTMSG 2186:0 @!@!@
Finished in 01s at (2017-03-15 11:54:44)
@!@!@ENDMSG 2186 @!@!@
